[     822ms] [INFO] %cDownload the React DevTools for a better development experience: https://react.dev/link/react-devtools font-weight:bold @ http://localhost:3005/_next/static/chunks/node_modules_next_dist_f3530cac._.js:2297
[     875ms] [LOG] [HMR] connected @ http://localhost:3005/_next/static/chunks/node_modules_next_dist_f3530cac._.js:2297
[ 1573583ms] [LOG] [Fast Refresh] rebuilding @ http://localhost:3005/_next/static/chunks/node_modules_next_dist_f3530cac._.js:2297
[ 1573598ms] ReferenceError: imageWidth is not defined
    at ServiceCardView (http://localhost:3005/_next/static/chunks/_9c8bc614._.js?id=%255Bproject%255D%252Fsrc%252Fcomponents%252FLavenderHome.tsx+%255Bapp-client%255D+%2528ecmascript%2529:727:28)
    at Object.react_stack_bottom_frame (http://localhost:3005/_next/static/chunks/node_modules_next_dist_compiled_react-dom_1e674e59._.js:14826:24)
    at renderWithHooks (http://localhost:3005/_next/static/chunks/node_modules_next_dist_compiled_react-dom_1e674e59._.js:4651:24)
    at updateFunctionComponent (http://localhost:3005/_next/static/chunks/node_modules_next_dist_compiled_react-dom_1e674e59._.js:6112:21)
    at beginWork (http://localhost:3005/_next/static/chunks/node_modules_next_dist_compiled_react-dom_1e674e59._.js:6708:24)
    at runWithFiberInDEV (http://localhost:3005/_next/static/chunks/node_modules_next_dist_compiled_react-dom_1e674e59._.js:965:74)
    at performUnitOfWork (http://localhost:3005/_next/static/chunks/node_modules_next_dist_compiled_react-dom_1e674e59._.js:9562:97)
    at workLoopSync (http://localhost:3005/_next/static/chunks/node_modules_next_dist_compiled_react-dom_1e674e59._.js:9456:40)
    at renderRootSync (http://localhost:3005/_next/static/chunks/node_modules_next_dist_compiled_react-dom_1e674e59._.js:9440:13)
    at performWorkOnRoot (http://localhost:3005/_next/static/chunks/node_modules_next_dist_compiled_react-dom_1e674e59._.js:9105:47)
    at performSyncWorkOnRoot (http://localhost:3005/_next/static/chunks/node_modules_next_dist_compiled_react-dom_1e674e59._.js:10238:9)
    at flushSyncWorkAcrossRoots_impl (http://localhost:3005/_next/static/chunks/node_modules_next_dist_compiled_react-dom_1e674e59._.js:10154:316)
    at flushSyncWork$1 (http://localhost:3005/_next/static/chunks/node_modules_next_dist_compiled_react-dom_1e674e59._.js:9237:86)
    at Object.scheduleRefresh (http://localhost:3005/_next/static/chunks/node_modules_next_dist_compiled_react-dom_1e674e59._.js:299:13)
    at http://localhost:3005/_next/static/chunks/node_modules_next_dist_compiled_a0e4c7b4._.js:391:33
    at Set.forEach (<anonymous>)
    at Object.performReactRefresh (http://localhost:3005/_next/static/chunks/node_modules_next_dist_compiled_a0e4c7b4._.js:384:38)
    at applyUpdate (http://localhost:3005/_next/static/chunks/node_modules_next_dist_compiled_a0e4c7b4._.js:878:31)
    at http://localhost:3005/_next/static/chunks/node_modules_next_dist_compiled_a0e4c7b4._.js:886:13
[ 1573607ms] [LOG] [Fast Refresh] done in 23ms @ http://localhost:3005/_next/static/chunks/node_modules_next_dist_f3530cac._.js:2297
[ 1581154ms] [LOG] [Fast Refresh] rebuilding @ http://localhost:3005/_next/static/chunks/node_modules_next_dist_f3530cac._.js:2297
[ 1581157ms] [WARNING] [Fast Refresh] performing full reload because your application had an unrecoverable error @ http://localhost:3005/_next/static/chunks/node_modules_next_dist_f3530cac._.js:2297
[ 1581236ms] [LOG] [Fast Refresh] done in 19ms @ http://localhost:3005/_next/static/chunks/node_modules_next_dist_f3530cac._.js:2297
[ 1581464ms] [INFO] %cDownload the React DevTools for a better development experience: https://react.dev/link/react-devtools font-weight:bold @ http://localhost:3005/_next/static/chunks/node_modules_next_dist_f3530cac._.js:2297
[ 1581477ms] [LOG] [HMR] connected @ http://localhost:3005/_next/static/chunks/node_modules_next_dist_f3530cac._.js:2297
