[     111ms] [INFO] %cDownload the React DevTools for a better development experience: https://react.dev/link/react-devtools font-weight:bold @ http://localhost:3005/_next/static/chunks/node_modules_next_dist_f3530cac._.js:2297
[     123ms] [LOG] [HMR] connected @ http://localhost:3005/_next/static/chunks/node_modules_next_dist_f3530cac._.js:2297
[  130055ms] [LOG] [Fast Refresh] rebuilding @ http://localhost:3005/_next/static/chunks/node_modules_next_dist_f3530cac._.js:2297
[  130076ms] [LOG] [Fast Refresh] done in 26ms @ http://localhost:3005/_next/static/chunks/node_modules_next_dist_f3530cac._.js:2297
[  157574ms] [LOG] [Fast Refresh] rebuilding @ http://localhost:3005/_next/static/chunks/node_modules_next_dist_f3530cac._.js:2297
[  157582ms] ReferenceError: LanguageToggle is not defined
    at Hero (http://localhost:3005/_next/static/chunks/src_components_LavenderHome_tsx_147055ee._.js?id=%255Bproject%255D%252Fsrc%252Fcomponents%252FLavenderHome.tsx+%255Bapp-client%255D+%2528ecmascript%2529:286:232)
    at Object.react_stack_bottom_frame (http://localhost:3005/_next/static/chunks/node_modules_next_dist_compiled_react-dom_1e674e59._.js:14826:24)
    at renderWithHooks (http://localhost:3005/_next/static/chunks/node_modules_next_dist_compiled_react-dom_1e674e59._.js:4651:24)
    at updateFunctionComponent (http://localhost:3005/_next/static/chunks/node_modules_next_dist_compiled_react-dom_1e674e59._.js:6112:21)
    at beginWork (http://localhost:3005/_next/static/chunks/node_modules_next_dist_compiled_react-dom_1e674e59._.js:6708:24)
    at runWithFiberInDEV (http://localhost:3005/_next/static/chunks/node_modules_next_dist_compiled_react-dom_1e674e59._.js:965:74)
    at performUnitOfWork (http://localhost:3005/_next/static/chunks/node_modules_next_dist_compiled_react-dom_1e674e59._.js:9562:97)
    at workLoopSync (http://localhost:3005/_next/static/chunks/node_modules_next_dist_compiled_react-dom_1e674e59._.js:9456:40)
    at renderRootSync (http://localhost:3005/_next/static/chunks/node_modules_next_dist_compiled_react-dom_1e674e59._.js:9440:13)
    at performWorkOnRoot (http://localhost:3005/_next/static/chunks/node_modules_next_dist_compiled_react-dom_1e674e59._.js:9105:47)
    at performSyncWorkOnRoot (http://localhost:3005/_next/static/chunks/node_modules_next_dist_compiled_react-dom_1e674e59._.js:10238:9)
    at flushSyncWorkAcrossRoots_impl (http://localhost:3005/_next/static/chunks/node_modules_next_dist_compiled_react-dom_1e674e59._.js:10154:316)
    at flushSyncWork$1 (http://localhost:3005/_next/static/chunks/node_modules_next_dist_compiled_react-dom_1e674e59._.js:9237:86)
    at Object.scheduleRefresh (http://localhost:3005/_next/static/chunks/node_modules_next_dist_compiled_react-dom_1e674e59._.js:299:13)
    at http://localhost:3005/_next/static/chunks/node_modules_next_dist_compiled_a0e4c7b4._.js:391:33
    at Set.forEach (<anonymous>)
    at Object.performReactRefresh (http://localhost:3005/_next/static/chunks/node_modules_next_dist_compiled_a0e4c7b4._.js:384:38)
    at applyUpdate (http://localhost:3005/_next/static/chunks/node_modules_next_dist_compiled_a0e4c7b4._.js:878:31)
    at http://localhost:3005/_next/static/chunks/node_modules_next_dist_compiled_a0e4c7b4._.js:886:13
[  157626ms] [LOG] [Fast Refresh] done in 20ms @ http://localhost:3005/_next/static/chunks/node_modules_next_dist_f3530cac._.js:2297
[  168651ms] [LOG] [Fast Refresh] rebuilding @ http://localhost:3005/_next/static/chunks/node_modules_next_dist_f3530cac._.js:2297
[  168654ms] [WARNING] [Fast Refresh] performing full reload because your application had an unrecoverable error @ http://localhost:3005/_next/static/chunks/node_modules_next_dist_f3530cac._.js:2297
[  168711ms] ReferenceError: LanguageToggle is not defined
    at Hero (http://localhost:3005/_next/static/chunks/src_components_LavenderHome_tsx_147055ee._.js?id=%255Bproject%255D%252Fsrc%252Fcomponents%252FLavenderHome.tsx+%255Bapp-client%255D+%2528ecmascript%2529:286:232)
    at Object.react_stack_bottom_frame (http://localhost:3005/_next/static/chunks/node_modules_next_dist_compiled_react-dom_1e674e59._.js:14826:24)
    at renderWithHooks (http://localhost:3005/_next/static/chunks/node_modules_next_dist_compiled_react-dom_1e674e59._.js:4651:24)
    at updateFunctionComponent (http://localhost:3005/_next/static/chunks/node_modules_next_dist_compiled_react-dom_1e674e59._.js:6112:21)
    at beginWork (http://localhost:3005/_next/static/chunks/node_modules_next_dist_compiled_react-dom_1e674e59._.js:6708:24)
    at runWithFiberInDEV (http://localhost:3005/_next/static/chunks/node_modules_next_dist_compiled_react-dom_1e674e59._.js:965:74)
    at performUnitOfWork (http://localhost:3005/_next/static/chunks/node_modules_next_dist_compiled_react-dom_1e674e59._.js:9562:97)
    at workLoopSync (http://localhost:3005/_next/static/chunks/node_modules_next_dist_compiled_react-dom_1e674e59._.js:9456:40)
    at renderRootSync (http://localhost:3005/_next/static/chunks/node_modules_next_dist_compiled_react-dom_1e674e59._.js:9440:13)
    at performWorkOnRoot (http://localhost:3005/_next/static/chunks/node_modules_next_dist_compiled_react-dom_1e674e59._.js:9105:47)
    at performSyncWorkOnRoot (http://localhost:3005/_next/static/chunks/node_modules_next_dist_compiled_react-dom_1e674e59._.js:10238:9)
    at flushSyncWorkAcrossRoots_impl (http://localhost:3005/_next/static/chunks/node_modules_next_dist_compiled_react-dom_1e674e59._.js:10154:316)
    at flushSyncWork$1 (http://localhost:3005/_next/static/chunks/node_modules_next_dist_compiled_react-dom_1e674e59._.js:9237:86)
    at Object.scheduleRefresh (http://localhost:3005/_next/static/chunks/node_modules_next_dist_compiled_react-dom_1e674e59._.js:299:13)
    at http://localhost:3005/_next/static/chunks/node_modules_next_dist_compiled_a0e4c7b4._.js:391:33
    at Set.forEach (<anonymous>)
    at Object.performReactRefresh (http://localhost:3005/_next/static/chunks/node_modules_next_dist_compiled_a0e4c7b4._.js:384:38)
    at applyUpdate (http://localhost:3005/_next/static/chunks/node_modules_next_dist_compiled_a0e4c7b4._.js:878:31)
    at http://localhost:3005/_next/static/chunks/node_modules_next_dist_compiled_a0e4c7b4._.js:886:13
[  168719ms] [LOG] [Fast Refresh] done in 25ms @ http://localhost:3005/_next/static/chunks/node_modules_next_dist_f3530cac._.js:2297
[  168796ms] [ERROR] Failed to load resource: the server responded with a status of 500 (Internal Server Error) @ http://localhost:3005/lavender/:0
[  168885ms] [INFO] %cDownload the React DevTools for a better development experience: https://react.dev/link/react-devtools font-weight:bold @ http://localhost:3005/_next/static/chunks/node_modules_next_dist_f3530cac._.js:2297
[  168932ms] [LOG] [HMR] connected @ http://localhost:3005/_next/static/chunks/node_modules_next_dist_f3530cac._.js:2297
[  168989ms] ReferenceError: LanguageToggle is not defined
    at Hero (http://localhost:3005/_next/static/chunks/src_components_LavenderHome_tsx_147055ee._.js:287:232)
    at Object.react_stack_bottom_frame (http://localhost:3005/_next/static/chunks/node_modules_next_dist_compiled_react-dom_1e674e59._.js:14826:24)
    at renderWithHooks (http://localhost:3005/_next/static/chunks/node_modules_next_dist_compiled_react-dom_1e674e59._.js:4651:24)
    at updateFunctionComponent (http://localhost:3005/_next/static/chunks/node_modules_next_dist_compiled_react-dom_1e674e59._.js:6112:21)
    at beginWork (http://localhost:3005/_next/static/chunks/node_modules_next_dist_compiled_react-dom_1e674e59._.js:6708:24)
    at runWithFiberInDEV (http://localhost:3005/_next/static/chunks/node_modules_next_dist_compiled_react-dom_1e674e59._.js:965:74)
    at performUnitOfWork (http://localhost:3005/_next/static/chunks/node_modules_next_dist_compiled_react-dom_1e674e59._.js:9562:97)
    at workLoopSync (http://localhost:3005/_next/static/chunks/node_modules_next_dist_compiled_react-dom_1e674e59._.js:9456:40)
    at renderRootSync (http://localhost:3005/_next/static/chunks/node_modules_next_dist_compiled_react-dom_1e674e59._.js:9440:13)
    at performWorkOnRoot (http://localhost:3005/_next/static/chunks/node_modules_next_dist_compiled_react-dom_1e674e59._.js:9105:47)
    at performWorkOnRootViaSchedulerTask (http://localhost:3005/_next/static/chunks/node_modules_next_dist_compiled_react-dom_1e674e59._.js:10230:9)
    at MessagePort.performWorkUntilDeadline (http://localhost:3005/_next/static/chunks/node_modules_next_dist_compiled_a0e4c7b4._.js:2647:64)
[  171993ms] [WARNING] The resource https://web.cmp.usercentrics.eu/ui/loader.js was preloaded using link preload but not used within a few seconds from the window's load event. Please make sure it has an appropriate `as` value and it is preloaded intentionally. @ http://localhost:3005/lavender/:0
[  171993ms] [WARNING] The resource http://localhost:3005/_next/static/chunks/src_index_8b6fca74.css was preloaded using link preload but not used within a few seconds from the window's load event. Please make sure it has an appropriate `as` value and it is preloaded intentionally. @ http://localhost:3005/lavender/:0
[  185045ms] [LOG] [Fast Refresh] rebuilding @ http://localhost:3005/_next/static/chunks/node_modules_next_dist_f3530cac._.js:2297
[  185048ms] [WARNING] [Fast Refresh] performing full reload because your application had an unrecoverable error @ http://localhost:3005/_next/static/chunks/node_modules_next_dist_f3530cac._.js:2297
[  185102ms] [LOG] [Fast Refresh] done in 31ms @ http://localhost:3005/_next/static/chunks/node_modules_next_dist_f3530cac._.js:2297
[  185251ms] [INFO] %cDownload the React DevTools for a better development experience: https://react.dev/link/react-devtools font-weight:bold @ http://localhost:3005/_next/static/chunks/node_modules_next_dist_f3530cac._.js:2297
[  185268ms] [LOG] [HMR] connected @ http://localhost:3005/_next/static/chunks/node_modules_next_dist_f3530cac._.js:2297
[  194373ms] [LOG] [Fast Refresh] rebuilding @ http://localhost:3005/_next/static/chunks/node_modules_next_dist_f3530cac._.js:2297
[  194394ms] [LOG] [Fast Refresh] done in 22ms @ http://localhost:3005/_next/static/chunks/node_modules_next_dist_f3530cac._.js:2297
[  201219ms] [LOG] [Fast Refresh] rebuilding @ http://localhost:3005/_next/static/chunks/node_modules_next_dist_f3530cac._.js:2297
[  201242ms] [LOG] [Fast Refresh] done in 23ms @ http://localhost:3005/_next/static/chunks/node_modules_next_dist_f3530cac._.js:2297
[  275548ms] [LOG] [Fast Refresh] rebuilding @ http://localhost:3005/_next/static/chunks/node_modules_next_dist_f3530cac._.js:2297
[  275567ms] [LOG] [Fast Refresh] done in 29ms @ http://localhost:3005/_next/static/chunks/node_modules_next_dist_f3530cac._.js:2297
[  312129ms] [LOG] [Fast Refresh] rebuilding @ http://localhost:3005/_next/static/chunks/node_modules_next_dist_f3530cac._.js:2297
[  312149ms] [LOG] [Fast Refresh] done in 28ms @ http://localhost:3005/_next/static/chunks/node_modules_next_dist_f3530cac._.js:2297
[  345169ms] [LOG] [Fast Refresh] rebuilding @ http://localhost:3005/_next/static/chunks/node_modules_next_dist_f3530cac._.js:2297
[  345188ms] [LOG] [Fast Refresh] done in 30ms @ http://localhost:3005/_next/static/chunks/node_modules_next_dist_f3530cac._.js:2297
